[2025-12-08 01:42:30] 🚀 Auto Git Watcher started.
[2025-12-08 01:42:30] 📁 Watching folder: C:\Users\Christine\Documents\design-workflow
[2025-12-08 01:44:42] 🧹 Removed stale .git/index.lock
[2025-12-08 01:44:42] 📂 Detected change: C:\Users\Christine\Documents\design-workflow\start_auto_sync.bat
[2025-12-08 01:44:42] 🔄 Starting Git auto-sync...
[2025-12-08 01:44:43] ⚠️ error: cannot pull with rebase: You have unstaged changes.
error: Please commit or stash them.
[2025-12-08 01:44:43] ⚠️ fatal: Unable to create 'C:/Users/Christine/Documents/design-workflow/.git/index.lock': File exists.

Another git process seems to be running in this repository, e.g.
an editor opened by 'git commit'. Please make sure all processes
are terminated then try again. If it still fails, a git process
may have crashed in this repository earlier:
remove the file manually to continue.
[2025-12-08 01:44:43] [main f24efce] Auto-sync at 2025-12-08 01:44:43
 3 files changed, 65 insertions(+), 68 deletions(-)
 create mode 100644 auto_sync.log
[2025-12-08 01:44:45] ⚠️ To https://github.com/Cvbella22/design-workflow.git
   58bbe03..f24efce  main -> main
[2025-12-08 01:44:45] ✅ Sync complete.

[2025-12-08 01:44:45] ⚠️ Could not remove lock: [WinError 32] The process cannot access the file because it is being used by another process: 'C:\\Users\\Christine\\Documents\\design-workflow\\.git\\index.lock'
[2025-12-08 01:44:45] ⚠️ Could not remove lock: [WinError 32] The process cannot access the file because it is being used by another process: 'C:\\Users\\Christine\\Documents\\design-workflow\\.git\\index.lock'
[2025-12-08 01:44:45] ⚠️ Could not remove lock: [WinError 32] The process cannot access the file because it is being used by another process: 'C:\\Users\\Christine\\Documents\\design-workflow\\.git\\index.lock'
[2025-12-08 01:44:45] ⚠️ Could not remove lock: [WinError 32] The process cannot access the file because it is being used by another process: 'C:\\Users\\Christine\\Documents\\design-workflow\\.git\\index.lock'
[2025-12-08 01:44:45] ⚠️ Could not remove lock: [WinError 32] The process cannot access the file because it is being used by another process: 'C:\\Users\\Christine\\Documents\\design-workflow\\.git\\index.lock'
[2025-12-08 01:44:45] ⚠️ Could not remove lock: [WinError 32] The process cannot access the file because it is being used by another process: 'C:\\Users\\Christine\\Documents\\design-workflow\\.git\\index.lock'
[2025-12-08 01:44:45] ⚠️ Could not remove lock: [WinError 32] The process cannot access the file because it is being used by another process: 'C:\\Users\\Christine\\Documents\\design-workflow\\.git\\index.lock'
[2025-12-08 01:44:45] ⚠️ Could not remove lock: [WinError 32] The process cannot access the file because it is being used by another process: 'C:\\Users\\Christine\\Documents\\design-workflow\\.git\\index.lock'
[2025-12-08 01:44:45] ⚠️ Could not remove lock: [WinError 32] The process cannot access the file because it is being used by another process: 'C:\\Users\\Christine\\Documents\\design-workflow\\.git\\index.lock'
[2025-12-08 01:44:45] ⚠️ Could not remove lock: [WinError 32] The process cannot access the file because it is being used by another process: 'C:\\Users\\Christine\\Documents\\design-workflow\\.git\\index.lock'
[2025-12-08 01:44:45] ⚠️ Could not remove lock: [WinError 32] The process cannot access the file because it is being used by another process: 'C:\\Users\\Christine\\Documents\\design-workflow\\.git\\index.lock'
[2025-12-08 01:44:45] ⚠️ Could not remove lock: [WinError 32] The process cannot access the file because it is being used by another process: 'C:\\Users\\Christine\\Documents\\design-workflow\\.git\\index.lock'
[2025-12-08 01:44:45] ⚠️ Could not remove lock: [WinError 32] The process cannot access the file because it is being used by another process: 'C:\\Users\\Christine\\Documents\\design-workflow\\.git\\index.lock'
[2025-12-08 01:44:45] ⚠️ Could not remove lock: [WinError 32] The process cannot access the file because it is being used by another process: 'C:\\Users\\Christine\\Documents\\design-workflow\\.git\\index.lock'
[2025-12-08 01:44:45] ⚠️ Could not remove lock: [WinError 32] The process cannot access the file because it is being used by another process: 'C:\\Users\\Christine\\Documents\\design-workflow\\.git\\index.lock'
[2025-12-08 01:44:45] ⚠️ Could not remove lock: [WinError 32] The process cannot access the file because it is being used by another process: 'C:\\Users\\Christine\\Documents\\design-workflow\\.git\\index.lock'
[2025-12-08 01:44:45] ⚠️ Could not remove lock: [WinError 32] The process cannot access the file because it is being used by another process: 'C:\\Users\\Christine\\Documents\\design-workflow\\.git\\index.lock'
[2025-12-08 01:44:45] ⚠️ Could not remove lock: [WinError 32] The process cannot access the file because it is being used by another process: 'C:\\Users\\Christine\\Documents\\design-workflow\\.git\\index.lock'
[2025-12-08 01:44:45] ⚠️ Could not remove lock: [WinError 32] The process cannot access the file because it is being used by another process: 'C:\\Users\\Christine\\Documents\\design-workflow\\.git\\index.lock'
[2025-12-08 01:44:45] ⚠️ Could not remove lock: [WinError 32] The process cannot access the file because it is being used by another process: 'C:\\Users\\Christine\\Documents\\design-workflow\\.git\\index.lock'
[2025-12-08 01:44:45] ⚠️ Could not remove lock: [WinError 32] The process cannot access the file because it is being used by another process: 'C:\\Users\\Christine\\Documents\\design-workflow\\.git\\index.lock'
[2025-12-08 01:44:45] ⚠️ Could not remove lock: [WinError 32] The process cannot access the file because it is being used by another process: 'C:\\Users\\Christine\\Documents\\design-workflow\\.git\\index.lock'
[2025-12-08 01:44:45] ⚠️ Could not remove lock: [WinError 32] The process cannot access the file because it is being used by another process: 'C:\\Users\\Christine\\Documents\\design-workflow\\.git\\index.lock'
[2025-12-08 01:44:45] ⚠️ Could not remove lock: [WinError 32] The process cannot access the file because it is being used by another process: 'C:\\Users\\Christine\\Documents\\design-workflow\\.git\\index.lock'
[2025-12-08 01:44:45] ⚠️ Could not remove lock: [WinError 32] The process cannot access the file because it is being used by another process: 'C:\\Users\\Christine\\Documents\\design-workflow\\.git\\index.lock'
[2025-12-08 01:44:45] ⚠️ Could not remove lock: [WinError 32] The process cannot access the file because it is being used by another process: 'C:\\Users\\Christine\\Documents\\design-workflow\\.git\\index.lock'
[2025-12-08 01:44:45] ⚠️ Could not remove lock: [WinError 32] The process cannot access the file because it is being used by another process: 'C:\\Users\\Christine\\Documents\\design-workflow\\.git\\index.lock'
[2025-12-08 01:44:45] ⚠️ Could not remove lock: [WinError 32] The process cannot access the file because it is being used by another process: 'C:\\Users\\Christine\\Documents\\design-workflow\\.git\\index.lock'
[2025-12-08 01:44:45] ⚠️ Could not remove lock: [WinError 32] The process cannot access the file because it is being used by another process: 'C:\\Users\\Christine\\Documents\\design-workflow\\.git\\index.lock'
[2025-12-08 01:44:45] ⚠️ Could not remove lock: [WinError 32] The process cannot access the file because it is being used by another process: 'C:\\Users\\Christine\\Documents\\design-workflow\\.git\\index.lock'
[2025-12-08 01:44:45] ⚠️ Could not remove lock: [WinError 32] The process cannot access the file because it is being used by another process: 'C:\\Users\\Christine\\Documents\\design-workflow\\.git\\index.lock'
[2025-12-08 01:44:45] ⚠️ Could not remove lock: [WinError 32] The process cannot access the file because it is being used by another process: 'C:\\Users\\Christine\\Documents\\design-workflow\\.git\\index.lock'
[2025-12-08 01:44:45] ⚠️ Could not remove lock: [WinError 32] The process cannot access the file because it is being used by another process: 'C:\\Users\\Christine\\Documents\\design-workflow\\.git\\index.lock'
[2025-12-08 01:44:45] ⚠️ Could not remove lock: [WinError 32] The process cannot access the file because it is being used by another process: 'C:\\Users\\Christine\\Documents\\design-workflow\\.git\\index.lock'
[2025-12-08 01:44:45] ⚠️ Could not remove lock: [WinError 32] The process cannot access the file because it is being used by another process: 'C:\\Users\\Christine\\Documents\\design-workflow\\.git\\index.lock'
[2025-12-08 01:44:45] ⚠️ Could not remove lock: [WinError 32] The process cannot access the file because it is being used by another process: 'C:\\Users\\Christine\\Documents\\design-workflow\\.git\\index.lock'
[2025-12-08 01:44:45] ⚠️ Could not remove lock: [WinError 32] The process cannot access the file because it is being used by another process: 'C:\\Users\\Christine\\Documents\\design-workflow\\.git\\index.lock'
[2025-12-08 01:44:45] ⚠️ Could not remove lock: [WinError 32] The process cannot access the file because it is being used by another process: 'C:\\Users\\Christine\\Documents\\design-workflow\\.git\\index.lock'
[2025-12-08 01:44:45] ⚠️ Could not remove lock: [WinError 32] The process cannot access the file because it is being used by another process: 'C:\\Users\\Christine\\Documents\\design-workflow\\.git\\index.lock'
[2025-12-08 01:44:45] ⚠️ Could not remove lock: [WinError 32] The process cannot access the file because it is being used by another process: 'C:\\Users\\Christine\\Documents\\design-workflow\\.git\\index.lock'
[2025-12-08 01:44:45] ⚠️ Could not remove lock: [WinError 32] The process cannot access the file because it is being used by another process: 'C:\\Users\\Christine\\Documents\\design-workflow\\.git\\index.lock'
[2025-12-08 01:44:45] ⚠️ Could not remove lock: [WinError 32] The process cannot access the file because it is being used by another process: 'C:\\Users\\Christine\\Documents\\design-workflow\\.git\\index.lock'
[2025-12-08 01:44:45] ⚠️ Could not remove lock: [WinError 32] The process cannot access the file because it is being used by another process: 'C:\\Users\\Christine\\Documents\\design-workflow\\.git\\index.lock'
[2025-12-08 01:44:45] ⚠️ Could not remove lock: [WinError 32] The process cannot access the file because it is being used by another process: 'C:\\Users\\Christine\\Documents\\design-workflow\\.git\\index.lock'
[2025-12-08 01:44:45] ⚠️ Could not remove lock: [WinError 32] The process cannot access the file because it is being used by another process: 'C:\\Users\\Christine\\Documents\\design-workflow\\.git\\index.lock'
[2025-12-08 01:44:45] ⚠️ Could not remove lock: [WinError 32] The process cannot access the file because it is being used by another process: 'C:\\Users\\Christine\\Documents\\design-workflow\\.git\\index.lock'
[2025-12-08 01:44:45] ⚠️ Could not remove lock: [WinError 32] The process cannot access the file because it is being used by another process: 'C:\\Users\\Christine\\Documents\\design-workflow\\.git\\index.lock'
[2025-12-08 01:44:45] ⚠️ Could not remove lock: [WinError 32] The process cannot access the file because it is being used by another process: 'C:\\Users\\Christine\\Documents\\design-workflow\\.git\\index.lock'
[2025-12-08 01:44:45] ⚠️ Could not remove lock: [WinError 32] The process cannot access the file because it is being used by another process: 'C:\\Users\\Christine\\Documents\\design-workflow\\.git\\index.lock'
[2025-12-08 01:44:45] ⚠️ Could not remove lock: [WinError 32] The process cannot access the file because it is being used by another process: 'C:\\Users\\Christine\\Documents\\design-workflow\\.git\\index.lock'
[2025-12-08 01:44:45] ⚠️ Could not remove lock: [WinError 32] The process cannot access the file because it is being used by another process: 'C:\\Users\\Christine\\Documents\\design-workflow\\.git\\index.lock'
[2025-12-08 01:44:45] ⚠️ Could not remove lock: [WinError 32] The process cannot access the file because it is being used by another process: 'C:\\Users\\Christine\\Documents\\design-workflow\\.git\\index.lock'
[2025-12-08 01:44:45] ⚠️ Could not remove lock: [WinError 32] The process cannot access the file because it is being used by another process: 'C:\\Users\\Christine\\Documents\\design-workflow\\.git\\index.lock'
[2025-12-08 01:44:45] ⚠️ Could not remove lock: [WinError 32] The process cannot access the file because it is being used by another process: 'C:\\Users\\Christine\\Documents\\design-workflow\\.git\\index.lock'
[2025-12-08 01:44:45] ⚠️ Could not remove lock: [WinError 32] The process cannot access the file because it is being used by another process: 'C:\\Users\\Christine\\Documents\\design-workflow\\.git\\index.lock'
[2025-12-08 01:44:45] ⚠️ Could not remove lock: [WinError 32] The process cannot access the file because it is being used by another process: 'C:\\Users\\Christine\\Documents\\design-workflow\\.git\\index.lock'
[2025-12-08 01:44:45] ⚠️ Could not remove lock: [WinError 5] Access is denied: 'C:\\Users\\Christine\\Documents\\design-workflow\\.git\\index.lock'
[2025-12-08 01:44:45] 📂 Detected change: C:\Users\Christine\Documents\design-workflow\.git\objects\objejpxtm39
[2025-12-08 01:44:45] 🔄 Starting Git auto-sync...
[2025-12-08 01:44:45] ⚠️ error: cannot pull with rebase: You have unstaged changes.
error: additionally, your index contains uncommitted changes.
error: Please commit or stash them.
[2025-12-08 01:44:45] ⚠️ fatal: Unable to create 'C:/Users/Christine/Documents/design-workflow/.git/index.lock': File exists.

Another git process seems to be running in this repository, e.g.
an editor opened by 'git commit'. Please make sure all processes
are terminated then try again. If it still fails, a git process
may have crashed in this repository earlier:
remove the file manually to continue.
[2025-12-08 01:44:47] ⚠️ Everything up-to-date
[2025-12-08 01:44:47] ✅ Sync complete.

[2025-12-08 01:44:47] ⚠️ Could not remove lock: [WinError 32] The process cannot access the file because it is being used by another process: 'C:\\Users\\Christine\\Documents\\design-workflow\\.git\\index.lock'
[2025-12-08 01:44:47] ⚠️ Could not remove lock: [WinError 32] The process cannot access the file because it is being used by another process: 'C:\\Users\\Christine\\Documents\\design-workflow\\.git\\index.lock'
[2025-12-08 01:44:47] ⚠️ Could not remove lock: [WinError 32] The process cannot access the file because it is being used by another process: 'C:\\Users\\Christine\\Documents\\design-workflow\\.git\\index.lock'
[2025-12-08 01:44:47] ⚠️ Could not remove lock: [WinError 32] The process cannot access the file because it is being used by another process: 'C:\\Users\\Christine\\Documents\\design-workflow\\.git\\index.lock'
[2025-12-08 01:44:47] ⚠️ Could not remove lock: [WinError 32] The process cannot access the file because it is being used by another process: 'C:\\Users\\Christine\\Documents\\design-workflow\\.git\\index.lock'
[2025-12-08 01:44:47] ⚠️ Could not remove lock: [WinError 32] The process cannot access the file because it is being used by another process: 'C:\\Users\\Christine\\Documents\\design-workflow\\.git\\index.lock'
[2025-12-08 01:44:47] ⚠️ Could not remove lock: [WinError 32] The process cannot access the file because it is being used by another process: 'C:\\Users\\Christine\\Documents\\design-workflow\\.git\\index.lock'
[2025-12-08 01:44:47] ⚠️ Could not remove lock: [WinError 32] The process cannot access the file because it is being used by another process: 'C:\\Users\\Christine\\Documents\\design-workflow\\.git\\index.lock'
[2025-12-08 01:44:47] ⚠️ Could not remove lock: [WinError 32] The process cannot access the file because it is being used by another process: 'C:\\Users\\Christine\\Documents\\design-workflow\\.git\\index.lock'
[2025-12-08 01:44:47] ⚠️ Could not remove lock: [WinError 32] The process cannot access the file because it is being used by another process: 'C:\\Users\\Christine\\Documents\\design-workflow\\.git\\index.lock'
[2025-12-08 01:44:47] ⚠️ Could not remove lock: [WinError 32] The process cannot access the file because it is being used by another process: 'C:\\Users\\Christine\\Documents\\design-workflow\\.git\\index.lock'
[2025-12-08 01:44:47] ⚠️ Could not remove lock: [WinError 32] The process cannot access the file because it is being used by another process: 'C:\\Users\\Christine\\Documents\\design-workflow\\.git\\index.lock'
[2025-12-08 01:44:47] ⚠️ Could not remove lock: [WinError 32] The process cannot access the file because it is being used by another process: 'C:\\Users\\Christine\\Documents\\design-workflow\\.git\\index.lock'
[2025-12-08 01:44:47] ⚠️ Could not remove lock: [WinError 32] The process cannot access the file because it is being used by another process: 'C:\\Users\\Christine\\Documents\\design-workflow\\.git\\index.lock'
[2025-12-08 01:44:47] ⚠️ Could not remove lock: [WinError 32] The process cannot access the file because it is being used by another process: 'C:\\Users\\Christine\\Documents\\design-workflow\\.git\\index.lock'
[2025-12-08 01:44:47] ⚠️ Could not remove lock: [WinError 32] The process cannot access the file because it is being used by another process: 'C:\\Users\\Christine\\Documents\\design-workflow\\.git\\index.lock'
[2025-12-08 01:44:47] ⚠️ Could not remove lock: [WinError 32] The process cannot access the file because it is being used by another process: 'C:\\Users\\Christine\\Documents\\design-workflow\\.git\\index.lock'
[2025-12-08 01:44:47] ⚠️ Could not remove lock: [WinError 32] The process cannot access the file because it is being used by another process: 'C:\\Users\\Christine\\Documents\\design-workflow\\.git\\index.lock'
[2025-12-08 01:44:47] ⚠️ Could not remove lock: [WinError 32] The process cannot access the file because it is being used by another process: 'C:\\Users\\Christine\\Documents\\design-workflow\\.git\\index.lock'
[2025-12-08 01:44:47] ⚠️ Could not remove lock: [WinError 32] The process cannot access the file because it is being used by another process: 'C:\\Users\\Christine\\Documents\\design-workflow\\.git\\index.lock'
[2025-12-08 01:44:47] ⚠️ Could not remove lock: [WinError 32] The process cannot access the file because it is being used by another process: 'C:\\Users\\Christine\\Documents\\design-workflow\\.git\\index.lock'
[2025-12-08 01:44:47] ⚠️ Could not remove lock: [WinError 32] The process cannot access the file because it is being used by another process: 'C:\\Users\\Christine\\Documents\\design-workflow\\.git\\index.lock'
[2025-12-08 01:44:47] ⚠️ Could not remove lock: [WinError 32] The process cannot access the file because it is being used by another process: 'C:\\Users\\Christine\\Documents\\design-workflow\\.git\\index.lock'
[2025-12-08 01:44:47] ⚠️ Could not remove lock: [WinError 32] The process cannot access the file because it is being used by another process: 'C:\\Users\\Christine\\Documents\\design-workflow\\.git\\index.lock'
[2025-12-08 01:44:47] ⚠️ Could not remove lock: [WinError 32] The process cannot access the file because it is being used by another process: 'C:\\Users\\Christine\\Documents\\design-workflow\\.git\\index.lock'
[2025-12-08 01:44:47] ⚠️ Could not remove lock: [WinError 32] The process cannot access the file because it is being used by another process: 'C:\\Users\\Christine\\Documents\\design-workflow\\.git\\index.lock'
[2025-12-08 01:44:47] ⚠️ Could not remove lock: [WinError 32] The process cannot access the file because it is being used by another process: 'C:\\Users\\Christine\\Documents\\design-workflow\\.git\\index.lock'
[2025-12-08 01:44:47] ⚠️ Could not remove lock: [WinError 32] The process cannot access the file because it is being used by another process: 'C:\\Users\\Christine\\Documents\\design-workflow\\.git\\index.lock'
[2025-12-08 01:44:47] ⚠️ Could not remove lock: [WinError 32] The process cannot access the file because it is being used by another process: 'C:\\Users\\Christine\\Documents\\design-workflow\\.git\\index.lock'
[2025-12-08 01:44:47] ⚠️ Could not remove lock: [WinError 32] The process cannot access the file because it is being used by another process: 'C:\\Users\\Christine\\Documents\\design-workflow\\.git\\index.lock'
[2025-12-08 01:44:47] ⚠️ Could not remove lock: [WinError 32] The process cannot access the file because it is being used by another process: 'C:\\Users\\Christine\\Documents\\design-workflow\\.git\\index.lock'
[2025-12-08 01:44:47] ⚠️ Could not remove lock: [WinError 32] The process cannot access the file because it is being used by another process: 'C:\\Users\\Christine\\Documents\\design-workflow\\.git\\index.lock'
[2025-12-08 01:44:47] ⚠️ Could not remove lock: [WinError 32] The process cannot access the file because it is being used by another process: 'C:\\Users\\Christine\\Documents\\design-workflow\\.git\\index.lock'
[2025-12-08 01:44:47] ⚠️ Could not remove lock: [WinError 32] The process cannot access the file because it is being used by another process: 'C:\\Users\\Christine\\Documents\\design-workflow\\.git\\index.lock'
[2025-12-08 01:44:47] ⚠️ Could not remove lock: [WinError 32] The process cannot access the file because it is being used by another process: 'C:\\Users\\Christine\\Documents\\design-workflow\\.git\\index.lock'
[2025-12-08 01:44:47] ⚠️ Could not remove lock: [WinError 32] The process cannot access the file because it is being used by another process: 'C:\\Users\\Christine\\Documents\\design-workflow\\.git\\index.lock'
[2025-12-08 01:44:47] ⚠️ Could not remove lock: [WinError 32] The process cannot access the file because it is being used by another process: 'C:\\Users\\Christine\\Documents\\design-workflow\\.git\\index.lock'
[2025-12-08 01:44:47] ⚠️ Could not remove lock: [WinError 32] The process cannot access the file because it is being used by another process: 'C:\\Users\\Christine\\Documents\\design-workflow\\.git\\index.lock'
[2025-12-08 01:44:47] ⚠️ Could not remove lock: [WinError 32] The process cannot access the file because it is being used by another process: 'C:\\Users\\Christine\\Documents\\design-workflow\\.git\\index.lock'
[2025-12-08 01:44:47] ⚠️ Could not remove lock: [WinError 32] The process cannot access the file because it is being used by another process: 'C:\\Users\\Christine\\Documents\\design-workflow\\.git\\index.lock'
[2025-12-08 01:44:47] ⚠️ Could not remove lock: [WinError 32] The process cannot access the file because it is being used by another process: 'C:\\Users\\Christine\\Documents\\design-workflow\\.git\\index.lock'
[2025-12-08 01:44:47] ⚠️ Could not remove lock: [WinError 32] The process cannot access the file because it is being used by another process: 'C:\\Users\\Christine\\Documents\\design-workflow\\.git\\index.lock'
[2025-12-08 01:44:47] ⚠️ Could not remove lock: [WinError 32] The process cannot access the file because it is being used by another process: 'C:\\Users\\Christine\\Documents\\design-workflow\\.git\\index.lock'
[2025-12-08 01:44:47] ⚠️ Could not remove lock: [WinError 32] The process cannot access the file because it is being used by another process: 'C:\\Users\\Christine\\Documents\\design-workflow\\.git\\index.lock'
[2025-12-08 01:44:47] ⚠️ Could not remove lock: [WinError 32] The process cannot access the file because it is being used by another process: 'C:\\Users\\Christine\\Documents\\design-workflow\\.git\\index.lock'
[2025-12-08 01:44:47] ⚠️ Could not remove lock: [WinError 32] The process cannot access the file because it is being used by another process: 'C:\\Users\\Christine\\Documents\\design-workflow\\.git\\index.lock'
[2025-12-08 01:44:47] ⚠️ Could not remove lock: [WinError 32] The process cannot access the file because it is being used by another process: 'C:\\Users\\Christine\\Documents\\design-workflow\\.git\\index.lock'
[2025-12-08 01:44:47] ⚠️ Could not remove lock: [WinError 32] The process cannot access the file because it is being used by another process: 'C:\\Users\\Christine\\Documents\\design-workflow\\.git\\index.lock'
[2025-12-08 01:44:47] ⚠️ Could not remove lock: [WinError 32] The process cannot access the file because it is being used by another process: 'C:\\Users\\Christine\\Documents\\design-workflow\\.git\\index.lock'
[2025-12-08 01:44:47] ⚠️ Could not remove lock: [WinError 32] The process cannot access the file because it is being used by another process: 'C:\\Users\\Christine\\Documents\\design-workflow\\.git\\index.lock'
[2025-12-08 01:44:47] ⚠️ Could not remove lock: [WinError 32] The process cannot access the file because it is being used by another process: 'C:\\Users\\Christine\\Documents\\design-workflow\\.git\\index.lock'
[2025-12-08 01:44:47] ⚠️ Could not remove lock: [WinError 32] The process cannot access the file because it is being used by another process: 'C:\\Users\\Christine\\Documents\\design-workflow\\.git\\index.lock'
[2025-12-08 01:44:47] ⚠️ Could not remove lock: [WinError 32] The process cannot access the file because it is being used by another process: 'C:\\Users\\Christine\\Documents\\design-workflow\\.git\\index.lock'
[2025-12-08 01:44:47] ⚠️ Could not remove lock: [WinError 32] The process cannot access the file because it is being used by another process: 'C:\\Users\\Christine\\Documents\\design-workflow\\.git\\index.lock'
[2025-12-08 01:44:47] ⚠️ Could not remove lock: [WinError 32] The process cannot access the file because it is being used by another process: 'C:\\Users\\Christine\\Documents\\design-workflow\\.git\\index.lock'
[2025-12-08 01:44:47] ⚠️ Could not remove lock: [WinError 32] The process cannot access the file because it is being used by another process: 'C:\\Users\\Christine\\Documents\\design-workflow\\.git\\index.lock'
[2025-12-08 01:44:47] ⚠️ Could not remove lock: [WinError 32] The process cannot access the file because it is being used by another process: 'C:\\Users\\Christine\\Documents\\design-workflow\\.git\\index.lock'
[2025-12-08 01:44:47] ⚠️ Could not remove lock: [WinError 32] The process cannot access the file because it is being used by another process: 'C:\\Users\\Christine\\Documents\\design-workflow\\.git\\index.lock'
[2025-12-08 01:44:47] ⚠️ Could not remove lock: [WinError 32] The process cannot access the file because it is being used by another process: 'C:\\Users\\Christine\\Documents\\design-workflow\\.git\\index.lock'
[2025-12-08 01:44:47] ⚠️ Could not remove lock: [WinError 32] The process cannot access the file because it is being used by another process: 'C:\\Users\\Christine\\Documents\\design-workflow\\.git\\index.lock'
[2025-12-08 01:44:47] ⚠️ Could not remove lock: [WinError 32] The process cannot access the file because it is being used by another process: 'C:\\Users\\Christine\\Documents\\design-workflow\\.git\\index.lock'
[2025-12-08 01:44:47] ⚠️ Could not remove lock: [WinError 32] The process cannot access the file because it is being used by another process: 'C:\\Users\\Christine\\Documents\\design-workflow\\.git\\index.lock'
[2025-12-08 01:44:47] ⚠️ Could not remove lock: [WinError 32] The process cannot access the file because it is being used by another process: 'C:\\Users\\Christine\\Documents\\design-workflow\\.git\\index.lock'
[2025-12-08 01:44:47] ⚠️ Could not remove lock: [WinError 32] The process cannot access the file because it is being used by another process: 'C:\\Users\\Christine\\Documents\\design-workflow\\.git\\index.lock'
[2025-12-08 01:44:47] ⚠️ Could not remove lock: [WinError 32] The process cannot access the file because it is being used by another process: 'C:\\Users\\Christine\\Documents\\design-workflow\\.git\\index.lock'
[2025-12-08 01:44:47] ⚠️ Could not remove lock: [WinError 32] The process cannot access the file because it is being used by another process: 'C:\\Users\\Christine\\Documents\\design-workflow\\.git\\index.lock'
[2025-12-08 01:44:47] ⚠️ Could not remove lock: [WinError 32] The process cannot access the file because it is being used by another process: 'C:\\Users\\Christine\\Documents\\design-workflow\\.git\\index.lock'
[2025-12-08 01:44:47] ⚠️ Could not remove lock: [WinError 32] The process cannot access the file because it is being used by another process: 'C:\\Users\\Christine\\Documents\\design-workflow\\.git\\index.lock'
[2025-12-08 01:44:47] ⚠️ Could not remove lock: [WinError 32] The process cannot access the file because it is being used by another process: 'C:\\Users\\Christine\\Documents\\design-workflow\\.git\\index.lock'
[2025-12-08 01:44:47] ⚠️ Could not remove lock: [WinError 32] The process cannot access the file because it is being used by another process: 'C:\\Users\\Christine\\Documents\\design-workflow\\.git\\index.lock'
[2025-12-08 01:44:47] ⚠️ Could not remove lock: [WinError 32] The process cannot access the file because it is being used by another process: 'C:\\Users\\Christine\\Documents\\design-workflow\\.git\\index.lock'
[2025-12-08 01:44:47] ⚠️ Could not remove lock: [WinError 32] The process cannot access the file because it is being used by another process: 'C:\\Users\\Christine\\Documents\\design-workflow\\.git\\index.lock'
[2025-12-08 01:44:47] ⚠️ Could not remove lock: [WinError 32] The process cannot access the file because it is being used by another process: 'C:\\Users\\Christine\\Documents\\design-workflow\\.git\\index.lock'
[2025-12-08 01:44:47] ⚠️ Could not remove lock: [WinError 32] The process cannot access the file because it is being used by another process: 'C:\\Users\\Christine\\Documents\\design-workflow\\.git\\index.lock'
[2025-12-08 01:44:47] ⚠️ Could not remove lock: [WinError 32] The process cannot access the file because it is being used by another process: 'C:\\Users\\Christine\\Documents\\design-workflow\\.git\\index.lock'
[2025-12-08 01:44:47] ⚠️ Could not remove lock: [WinError 32] The process cannot access the file because it is being used by another process: 'C:\\Users\\Christine\\Documents\\design-workflow\\.git\\index.lock'
[2025-12-08 01:44:47] ⚠️ Could not remove lock: [WinError 32] The process cannot access the file because it is being used by another process: 'C:\\Users\\Christine\\Documents\\design-workflow\\.git\\index.lock'
[2025-12-08 01:44:47] ⚠️ Could not remove lock: [WinError 32] The process cannot access the file because it is being used by another process: 'C:\\Users\\Christine\\Documents\\design-workflow\\.git\\index.lock'
[2025-12-08 01:44:47] ⚠️ Could not remove lock: [WinError 32] The process cannot access the file because it is being used by another process: 'C:\\Users\\Christine\\Documents\\design-workflow\\.git\\index.lock'
[2025-12-08 01:44:47] ⚠️ Could not remove lock: [WinError 32] The process cannot access the file because it is being used by another process: 'C:\\Users\\Christine\\Documents\\design-workflow\\.git\\index.lock'
[2025-12-08 01:44:47] ⚠️ Could not remove lock: [WinError 32] The process cannot access the file because it is being used by another process: 'C:\\Users\\Christine\\Documents\\design-workflow\\.git\\index.lock'
[2025-12-08 01:44:47] ⚠️ Could not remove lock: [WinError 32] The process cannot access the file because it is being used by another process: 'C:\\Users\\Christine\\Documents\\design-workflow\\.git\\index.lock'
[2025-12-08 01:44:47] ⚠️ Could not remove lock: [WinError 32] The process cannot access the file because it is being used by another process: 'C:\\Users\\Christine\\Documents\\design-workflow\\.git\\index.lock'
[2025-12-08 01:44:47] ⚠️ Could not remove lock: [WinError 32] The process cannot access the file because it is being used by another process: 'C:\\Users\\Christine\\Documents\\design-workflow\\.git\\index.lock'
[2025-12-08 01:44:47] ⚠️ Could not remove lock: [WinError 32] The process cannot access the file because it is being used by another process: 'C:\\Users\\Christine\\Documents\\design-workflow\\.git\\index.lock'
[2025-12-08 01:44:47] ⚠️ Could not remove lock: [WinError 32] The process cannot access the file because it is being used by another process: 'C:\\Users\\Christine\\Documents\\design-workflow\\.git\\index.lock'
[2025-12-08 01:44:47] ⚠️ Could not remove lock: [WinError 32] The process cannot access the file because it is being used by another process: 'C:\\Users\\Christine\\Documents\\design-workflow\\.git\\index.lock'
[2025-12-08 01:44:47] ⚠️ Could not remove lock: [WinError 32] The process cannot access the file because it is being used by another process: 'C:\\Users\\Christine\\Documents\\design-workflow\\.git\\index.lock'
[2025-12-08 01:44:47] ⚠️ Could not remove lock: [WinError 32] The process cannot access the file because it is being used by another process: 'C:\\Users\\Christine\\Documents\\design-workflow\\.git\\index.lock'
[2025-12-08 01:44:47] ⚠️ Could not remove lock: [WinError 32] The process cannot access the file because it is being used by another process: 'C:\\Users\\Christine\\Documents\\design-workflow\\.git\\index.lock'
[2025-12-08 01:44:47] ⚠️ Could not remove lock: [WinError 32] The process cannot access the file because it is being used by another process: 'C:\\Users\\Christine\\Documents\\design-workflow\\.git\\index.lock'
[2025-12-08 01:44:47] ⚠️ Could not remove lock: [WinError 32] The process cannot access the file because it is being used by another process: 'C:\\Users\\Christine\\Documents\\design-workflow\\.git\\index.lock'
[2025-12-08 01:44:47] ⚠️ Could not remove lock: [WinError 32] The process cannot access the file because it is being used by another process: 'C:\\Users\\Christine\\Documents\\design-workflow\\.git\\index.lock'
[2025-12-08 01:44:47] ⚠️ Could not remove lock: [WinError 32] The process cannot access the file because it is being used by another process: 'C:\\Users\\Christine\\Documents\\design-workflow\\.git\\index.lock'
[2025-12-08 01:44:47] ⚠️ Could not remove lock: [WinError 32] The process cannot access the file because it is being used by another process: 'C:\\Users\\Christine\\Documents\\design-workflow\\.git\\index.lock'
[2025-12-08 01:44:47] ⚠️ Could not remove lock: [WinError 32] The process cannot access the file because it is being used by another process: 'C:\\Users\\Christine\\Documents\\design-workflow\\.git\\index.lock'
[2025-12-08 01:44:47] ⚠️ Could not remove lock: [WinError 32] The process cannot access the file because it is being used by another process: 'C:\\Users\\Christine\\Documents\\design-workflow\\.git\\index.lock'
[2025-12-08 01:44:47] ⚠️ Could not remove lock: [WinError 32] The process cannot access the file because it is being used by another process: 'C:\\Users\\Christine\\Documents\\design-workflow\\.git\\index.lock'
[2025-12-08 01:44:47] ⚠️ Could not remove lock: [WinError 32] The process cannot access the file because it is being used by another process: 'C:\\Users\\Christine\\Documents\\design-workflow\\.git\\index.lock'
[2025-12-08 01:44:47] ⚠️ Could not remove lock: [WinError 32] The process cannot access the file because it is being used by another process: 'C:\\Users\\Christine\\Documents\\design-workflow\\.git\\index.lock'
[2025-12-08 01:44:47] ⚠️ Could not remove lock: [WinError 32] The process cannot access the file because it is being used by another process: 'C:\\Users\\Christine\\Documents\\design-workflow\\.git\\index.lock'
[2025-12-08 01:44:47] ⚠️ Could not remove lock: [WinError 32] The process cannot access the file because it is being used by another process: 'C:\\Users\\Christine\\Documents\\design-workflow\\.git\\index.lock'
[2025-12-08 01:44:47] ⚠️ Could not remove lock: [WinError 32] The process cannot access the file because it is being used by another process: 'C:\\Users\\Christine\\Documents\\design-workflow\\.git\\index.lock'
[2025-12-08 01:44:47] ⚠️ Could not remove lock: [WinError 32] The process cannot access the file because it is being used by another process: 'C:\\Users\\Christine\\Documents\\design-workflow\\.git\\index.lock'
[2025-12-08 01:44:47] ⚠️ Could not remove lock: [WinError 32] The process cannot access the file because it is being used by another process: 'C:\\Users\\Christine\\Documents\\design-workflow\\.git\\index.lock'
[2025-12-08 01:44:47] ⚠️ Could not remove lock: [WinError 32] The process cannot access the file because it is being used by another process: 'C:\\Users\\Christine\\Documents\\design-workflow\\.git\\index.lock'
[2025-12-08 01:44:47] ⚠️ Could not remove lock: [WinError 32] The process cannot access the file because it is being used by another process: 'C:\\Users\\Christine\\Documents\\design-workflow\\.git\\index.lock'
[2025-12-08 01:44:47] ⚠️ Could not remove lock: [WinError 32] The process cannot access the file because it is being used by another process: 'C:\\Users\\Christine\\Documents\\design-workflow\\.git\\index.lock'
[2025-12-08 01:44:47] ⚠️ Could not remove lock: [WinError 32] The process cannot access the file because it is being used by another process: 'C:\\Users\\Christine\\Documents\\design-workflow\\.git\\index.lock'
[2025-12-08 01:44:47] ⚠️ Could not remove lock: [WinError 32] The process cannot access the file because it is being used by another process: 'C:\\Users\\Christine\\Documents\\design-workflow\\.git\\index.lock'
[2025-12-08 01:44:47] ⚠️ Could not remove lock: [WinError 32] The process cannot access the file because it is being used by another process: 'C:\\Users\\Christine\\Documents\\design-workflow\\.git\\index.lock'
[2025-12-08 01:44:47] ⚠️ Could not remove lock: [WinError 32] The process cannot access the file because it is being used by another process: 'C:\\Users\\Christine\\Documents\\design-workflow\\.git\\index.lock'
[2025-12-08 01:44:47] ⚠️ Could not remove lock: [WinError 32] The process cannot access the file because it is being used by another process: 'C:\\Users\\Christine\\Documents\\design-workflow\\.git\\index.lock'
[2025-12-08 01:44:47] ⚠️ Could not remove lock: [WinError 32] The process cannot access the file because it is being used by another process: 'C:\\Users\\Christine\\Documents\\design-workflow\\.git\\index.lock'
[2025-12-08 01:44:47] ⚠️ Could not remove lock: [WinError 32] The process cannot access the file because it is being used by another process: 'C:\\Users\\Christine\\Documents\\design-workflow\\.git\\index.lock'
[2025-12-08 01:44:47] ⚠️ Could not remove lock: [WinError 32] The process cannot access the file because it is being used by another process: 'C:\\Users\\Christine\\Documents\\design-workflow\\.git\\index.lock'
[2025-12-08 01:44:47] ⚠️ Could not remove lock: [WinError 32] The process cannot access the file because it is being used by another process: 'C:\\Users\\Christine\\Documents\\design-workflow\\.git\\index.lock'
[2025-12-08 01:44:47] ⚠️ Could not remove lock: [WinError 32] The process cannot access the file because it is being used by another process: 'C:\\Users\\Christine\\Documents\\design-workflow\\.git\\index.lock'
[2025-12-08 01:44:47] ⚠️ Could not remove lock: [WinError 32] The process cannot access the file because it is being used by another process: 'C:\\Users\\Christine\\Documents\\design-workflow\\.git\\index.lock'
[2025-12-08 01:44:47] ⚠️ Could not remove lock: [WinError 32] The process cannot access the file because it is being used by another process: 'C:\\Users\\Christine\\Documents\\design-workflow\\.git\\index.lock'
[2025-12-08 01:44:47] ⚠️ Could not remove lock: [WinError 32] The process cannot access the file because it is being used by another process: 'C:\\Users\\Christine\\Documents\\design-workflow\\.git\\index.lock'
[2025-12-08 01:44:47] ⚠️ Could not remove lock: [WinError 32] The process cannot access the file because it is being used by another process: 'C:\\Users\\Christine\\Documents\\design-workflow\\.git\\index.lock'
[2025-12-08 01:44:47] 🧹 Removed stale .git/index.lock
[2025-12-08 01:44:47] 📂 Detected change: C:\Users\Christine\Documents\design-workflow\auto_sync.log
[2025-12-08 01:44:47] 🔄 Starting Git auto-sync...
[2025-12-08 01:44:47] ⚠️ error: cannot pull with rebase: You have unstaged changes.
error: additionally, your index contains uncommitted changes.
error: Please commit or stash them.
[2025-12-08 01:44:47] ⚠️ fatal: Unable to create 'C:/Users/Christine/Documents/design-workflow/.git/index.lock': File exists.

Another git process seems to be running in this repository, e.g.
an editor opened by 'git commit'. Please make sure all processes
are terminated then try again. If it still fails, a git process
may have crashed in this repository earlier:
remove the file manually to continue.
[2025-12-08 01:44:48] ⚠️ Everything up-to-date
[2025-12-08 01:44:48] ✅ Sync complete.

[2025-12-08 01:44:48] ⚠️ Could not remove lock: [WinError 32] The process cannot access the file because it is being used by another process: 'C:\\Users\\Christine\\Documents\\design-workflow\\.git\\index.lock'
[2025-12-08 01:44:48] ⚠️ Could not remove lock: [WinError 32] The process cannot access the file because it is being used by another process: 'C:\\Users\\Christine\\Documents\\design-workflow\\.git\\index.lock'
[2025-12-08 01:44:48] ⚠️ Could not remove lock: [WinError 32] The process cannot access the file because it is being used by another process: 'C:\\Users\\Christine\\Documents\\design-workflow\\.git\\index.lock'
[2025-12-08 01:44:48] ⚠️ Could not remove lock: [WinError 32] The process cannot access the file because it is being used by another process: 'C:\\Users\\Christine\\Documents\\design-workflow\\.git\\index.lock'
[2025-12-08 01:44:48] 🧹 Removed stale .git/index.lock
[2025-12-08 01:44:48] 📂 Detected change: C:\Users\Christine\Documents\design-workflow\.git\COMMIT_EDITMSG
[2025-12-08 01:44:48] 🔄 Starting Git auto-sync...
[2025-12-08 01:44:49] ⚠️ error: cannot pull with rebase: You have unstaged changes.
error: additionally, your index contains uncommitted changes.
error: Please commit or stash them.
[2025-12-08 01:44:49] ⚠️ fatal: Unable to create 'C:/Users/Christine/Documents/design-workflow/.git/index.lock': File exists.

Another git process seems to be running in this repository, e.g.
an editor opened by 'git commit'. Please make sure all processes
are terminated then try again. If it still fails, a git process
may have crashed in this repository earlier:
remove the file manually to continue.
[2025-12-08 01:44:50] ⚠️ Everything up-to-date
[2025-12-08 01:44:50] ✅ Sync complete.

[2025-12-08 01:44:50] ⚠️ Could not remove lock: [WinError 32] The process cannot access the file because it is being used by another process: 'C:\\Users\\Christine\\Documents\\design-workflow\\.git\\index.lock'
[2025-12-08 01:44:50] ⚠️ Could not remove lock: [WinError 32] The process cannot access the file because it is being used by another process: 'C:\\Users\\Christine\\Documents\\design-workflow\\.git\\index.lock'
[2025-12-08 01:44:50] ⚠️ Could not remove lock: [WinError 32] The process cannot access the file because it is being used by another process: 'C:\\Users\\Christine\\Documents\\design-workflow\\.git\\index.lock'
[2025-12-08 01:44:50] ⚠️ Could not remove lock: [WinError 32] The process cannot access the file because it is being used by another process: 'C:\\Users\\Christine\\Documents\\design-workflow\\.git\\index.lock'
[2025-12-08 01:44:50] ⚠️ Could not remove lock: [WinError 32] The process cannot access the file because it is being used by another process: 'C:\\Users\\Christine\\Documents\\design-workflow\\.git\\index.lock'
[2025-12-08 01:44:50] ⚠️ Could not remove lock: [WinError 32] The process cannot access the file because it is being used by another process: 'C:\\Users\\Christine\\Documents\\design-workflow\\.git\\index.lock'
[2025-12-08 01:44:50] ⚠️ Could not remove lock: [WinError 32] The process cannot access the file because it is being used by another process: 'C:\\Users\\Christine\\Documents\\design-workflow\\.git\\index.lock'
[2025-12-08 01:44:50] ⚠️ Could not remove lock: [WinError 32] The process cannot access the file because it is being used by another process: 'C:\\Users\\Christine\\Documents\\design-workflow\\.git\\index.lock'
[2025-12-08 01:44:50] ⚠️ Could not remove lock: [WinError 32] The process cannot access the file because it is being used by another process: 'C:\\Users\\Christine\\Documents\\design-workflow\\.git\\index.lock'
[2025-12-08 01:44:50] ⚠️ Could not remove lock: [WinError 32] The process cannot access the file because it is being used by another process: 'C:\\Users\\Christine\\Documents\\design-workflow\\.git\\index.lock'
[2025-12-08 01:44:50] ⚠️ Could not remove lock: [WinError 32] The process cannot access the file because it is being used by another process: 'C:\\Users\\Christine\\Documents\\design-workflow\\.git\\index.lock'
[2025-12-08 01:44:50] ⚠️ Could not remove lock: [WinError 32] The process cannot access the file because it is being used by another process: 'C:\\Users\\Christine\\Documents\\design-workflow\\.git\\index.lock'
[2025-12-08 01:44:50] ⚠️ Could not remove lock: [WinError 32] The process cannot access the file because it is being used by another process: 'C:\\Users\\Christine\\Documents\\design-workflow\\.git\\index.lock'
[2025-12-08 01:44:50] ⚠️ Could not remove lock: [WinError 32] The process cannot access the file because it is being used by another process: 'C:\\Users\\Christine\\Documents\\design-workflow\\.git\\index.lock'
[2025-12-08 01:44:50] ⚠️ Could not remove lock: [WinError 32] The process cannot access the file because it is being used by another process: 'C:\\Users\\Christine\\Documents\\design-workflow\\.git\\index.lock'
[2025-12-08 01:44:50] ⚠️ Could not remove lock: [WinError 32] The process cannot access the file because it is being used by another process: 'C:\\Users\\Christine\\Documents\\design-workflow\\.git\\index.lock'
[2025-12-08 01:44:50] ⚠️ Could not remove lock: [WinError 32] The process cannot access the file because it is being used by another process: 'C:\\Users\\Christine\\Documents\\design-workflow\\.git\\index.lock'
[2025-12-08 01:44:50] ⚠️ Could not remove lock: [WinError 32] The process cannot access the file because it is being used by another process: 'C:\\Users\\Christine\\Documents\\design-workflow\\.git\\index.lock'
[2025-12-08 01:44:50] ⚠️ Could not remove lock: [WinError 32] The process cannot access the file because it is being used by another process: 'C:\\Users\\Christine\\Documents\\design-workflow\\.git\\index.lock'
[2025-12-08 01:44:50] ⚠️ Could not remove lock: [WinError 32] The process cannot access the file because it is being used by another process: 'C:\\Users\\Christine\\Documents\\design-workflow\\.git\\index.lock'
[2025-12-08 01:44:50] ⚠️ Could not remove lock: [WinError 32] The process cannot access the file because it is being used by another process: 'C:\\Users\\Christine\\Documents\\design-workflow\\.git\\index.lock'
[2025-12-08 01:44:50] ⚠️ Could not remove lock: [WinError 32] The process cannot access the file because it is being used by another process: 'C:\\Users\\Christine\\Documents\\design-workflow\\.git\\index.lock'
[2025-12-08 01:44:50] ⚠️ Could not remove lock: [WinError 32] The process cannot access the file because it is being used by another process: 'C:\\Users\\Christine\\Documents\\design-workflow\\.git\\index.lock'
[2025-12-08 01:44:50] ⚠️ Could not remove lock: [WinError 32] The process cannot access the file because it is being used by another process: 'C:\\Users\\Christine\\Documents\\design-workflow\\.git\\index.lock'
[2025-12-08 01:44:50] ⚠️ Could not remove lock: [WinError 32] The process cannot access the file because it is being used by another process: 'C:\\Users\\Christine\\Documents\\design-workflow\\.git\\index.lock'
[2025-12-08 01:44:50] ⚠️ Could not remove lock: [WinError 32] The process cannot access the file because it is being used by another process: 'C:\\Users\\Christine\\Documents\\design-workflow\\.git\\index.lock'
[2025-12-08 01:44:50] ⚠️ Could not remove lock: [WinError 32] The process cannot access the file because it is being used by another process: 'C:\\Users\\Christine\\Documents\\design-workflow\\.git\\index.lock'
[2025-12-08 01:44:50] ⚠️ Could not remove lock: [WinError 32] The process cannot access the file because it is being used by another process: 'C:\\Users\\Christine\\Documents\\design-workflow\\.git\\index.lock'
[2025-12-08 01:44:50] ⚠️ Could not remove lock: [WinError 32] The process cannot access the file because it is being used by another process: 'C:\\Users\\Christine\\Documents\\design-workflow\\.git\\index.lock'
[2025-12-08 01:44:50] ⚠️ Could not remove lock: [WinError 32] The process cannot access the file because it is being used by another process: 'C:\\Users\\Christine\\Documents\\design-workflow\\.git\\index.lock'
[2025-12-08 01:44:50] ⚠️ Could not remove lock: [WinError 32] The process cannot access the file because it is being used by another process: 'C:\\Users\\Christine\\Documents\\design-workflow\\.git\\index.lock'
[2025-12-08 01:44:50] ⚠️ Could not remove lock: [WinError 32] The process cannot access the file because it is being used by another process: 'C:\\Users\\Christine\\Documents\\design-workflow\\.git\\index.lock'
[2025-12-08 01:44:50] ⚠️ Could not remove lock: [WinError 32] The process cannot access the file because it is being used by another process: 'C:\\Users\\Christine\\Documents\\design-workflow\\.git\\index.lock'
[2025-12-08 01:44:50] ⚠️ Could not remove lock: [WinError 32] The process cannot access the file because it is being used by another process: 'C:\\Users\\Christine\\Documents\\design-workflow\\.git\\index.lock'
[2025-12-08 01:44:50] ⚠️ Could not remove lock: [WinError 32] The process cannot access the file because it is being used by another process: 'C:\\Users\\Christine\\Documents\\design-workflow\\.git\\index.lock'
[2025-12-08 01:44:50] ⚠️ Could not remove lock: [WinError 32] The process cannot access the file because it is being used by another process: 'C:\\Users\\Christine\\Documents\\design-workflow\\.git\\index.lock'
[2025-12-08 01:44:50] ⚠️ Could not remove lock: [WinError 32] The process cannot access the file because it is being used by another process: 'C:\\Users\\Christine\\Documents\\design-workflow\\.git\\index.lock'
[2025-12-08 01:44:50] ⚠️ Could not remove lock: [WinError 32] The process cannot access the file because it is being used by another process: 'C:\\Users\\Christine\\Documents\\design-workflow\\.git\\index.lock'
[2025-12-08 01:44:50] ⚠️ Could not remove lock: [WinError 32] The process cannot access the file because it is being used by another process: 'C:\\Users\\Christine\\Documents\\design-workflow\\.git\\index.lock'
[2025-12-08 01:44:50] ⚠️ Could not remove lock: [WinError 32] The process cannot access the file because it is being used by another process: 'C:\\Users\\Christine\\Documents\\design-workflow\\.git\\index.lock'
[2025-12-08 01:44:50] ⚠️ Could not remove lock: [WinError 32] The process cannot access the file because it is being used by another process: 'C:\\Users\\Christine\\Documents\\design-workflow\\.git\\index.lock'
[2025-12-08 01:44:50] ⚠️ Could not remove lock: [WinError 32] The process cannot access the file because it is being used by another process: 'C:\\Users\\Christine\\Documents\\design-workflow\\.git\\index.lock'
[2025-12-08 01:44:50] ⚠️ Could not remove lock: [WinError 32] The process cannot access the file because it is being used by another process: 'C:\\Users\\Christine\\Documents\\design-workflow\\.git\\index.lock'
[2025-12-08 01:44:50] ⚠️ Could not remove lock: [WinError 32] The process cannot access the file because it is being used by another process: 'C:\\Users\\Christine\\Documents\\design-workflow\\.git\\index.lock'
[2025-12-08 01:44:50] ⚠️ Could not remove lock: [WinError 32] The process cannot access the file because it is being used by another process: 'C:\\Users\\Christine\\Documents\\design-workflow\\.git\\index.lock'
[2025-12-08 01:44:50] ⚠️ Could not remove lock: [WinError 32] The process cannot access the file because it is being used by another process: 'C:\\Users\\Christine\\Documents\\design-workflow\\.git\\index.lock'
[2025-12-08 01:44:50] ⚠️ Could not remove lock: [WinError 32] The process cannot access the file because it is being used by another process: 'C:\\Users\\Christine\\Documents\\design-workflow\\.git\\index.lock'
[2025-12-08 01:44:50] ⚠️ Could not remove lock: [WinError 32] The process cannot access the file because it is being used by another process: 'C:\\Users\\Christine\\Documents\\design-workflow\\.git\\index.lock'
[2025-12-08 01:44:50] ⚠️ Could not remove lock: [WinError 32] The process cannot access the file because it is being used by another process: 'C:\\Users\\Christine\\Documents\\design-workflow\\.git\\index.lock'
[2025-12-08 01:44:50] ⚠️ Could not remove lock: [WinError 32] The process cannot access the file because it is being used by another process: 'C:\\Users\\Christine\\Documents\\design-workflow\\.git\\index.lock'
[2025-12-08 01:44:50] 📂 Detected change: C:\Users\Christine\Documents\design-workflow\.git\COMMIT_EDITMSG
[2025-12-08 01:44:50] 🔄 Starting Git auto-sync...
[2025-12-08 01:44:50] ⚠️ error: cannot pull with rebase: You have unstaged changes.
error: additionally, your index contains uncommitted changes.
error: Please commit or stash them.
[2025-12-08 01:44:51] ⚠️ fatal: Unable to create 'C:/Users/Christine/Documents/design-workflow/.git/index.lock': File exists.

Another git process seems to be running in this repository, e.g.
an editor opened by 'git commit'. Please make sure all processes
are terminated then try again. If it still fails, a git process
may have crashed in this repository earlier:
remove the file manually to continue.
[2025-12-08 01:44:52] ⚠️ Everything up-to-date
[2025-12-08 01:44:52] ✅ Sync complete.

[2025-12-08 01:44:52] ⚠️ Could not remove lock: [WinError 32] The process cannot access the file because it is being used by another process: 'C:\\Users\\Christine\\Documents\\design-workflow\\.git\\index.lock'
[2025-12-08 01:44:52] ⚠️ Could not remove lock: [WinError 32] The process cannot access the file because it is being used by another process: 'C:\\Users\\Christine\\Documents\\design-workflow\\.git\\index.lock'
[2025-12-08 01:44:52] ⚠️ Could not remove lock: [WinError 32] The process cannot access the file because it is being used by another process: 'C:\\Users\\Christine\\Documents\\design-workflow\\.git\\index.lock'
[2025-12-08 01:44:52] ⚠️ Could not remove lock: [WinError 32] The process cannot access the file because it is being used by another process: 'C:\\Users\\Christine\\Documents\\design-workflow\\.git\\index.lock'
[2025-12-08 01:44:52] ⚠️ Could not remove lock: [WinError 32] The process cannot access the file because it is being used by another process: 'C:\\Users\\Christine\\Documents\\design-workflow\\.git\\index.lock'
[2025-12-08 01:44:52] ⚠️ Could not remove lock: [WinError 32] The process cannot access the file because it is being used by another process: 'C:\\Users\\Christine\\Documents\\design-workflow\\.git\\index.lock'
[2025-12-08 01:44:52] ⚠️ Could not remove lock: [WinError 32] The process cannot access the file because it is being used by another process: 'C:\\Users\\Christine\\Documents\\design-workflow\\.git\\index.lock'
[2025-12-08 01:44:52] ⚠️ Could not remove lock: [WinError 32] The process cannot access the file because it is being used by another process: 'C:\\Users\\Christine\\Documents\\design-workflow\\.git\\index.lock'
[2025-12-08 01:44:52] ⚠️ Could not remove lock: [WinError 32] The process cannot access the file because it is being used by another process: 'C:\\Users\\Christine\\Documents\\design-workflow\\.git\\index.lock'
[2025-12-08 01:44:52] ⚠️ Could not remove lock: [WinError 32] The process cannot access the file because it is being used by another process: 'C:\\Users\\Christine\\Documents\\design-workflow\\.git\\index.lock'
[2025-12-08 01:44:52] ⚠️ Could not remove lock: [WinError 32] The process cannot access the file because it is being used by another process: 'C:\\Users\\Christine\\Documents\\design-workflow\\.git\\index.lock'
[2025-12-08 01:44:52] ⚠️ Could not remove lock: [WinError 32] The process cannot access the file because it is being used by another process: 'C:\\Users\\Christine\\Documents\\design-workflow\\.git\\index.lock'
[2025-12-08 01:44:52] ⚠️ Could not remove lock: [WinError 32] The process cannot access the file because it is being used by another process: 'C:\\Users\\Christine\\Documents\\design-workflow\\.git\\index.lock'
[2025-12-08 01:44:52] ⚠️ Could not remove lock: [WinError 32] The process cannot access the file because it is being used by another process: 'C:\\Users\\Christine\\Documents\\design-workflow\\.git\\index.lock'
[2025-12-08 01:44:52] ⚠️ Could not remove lock: [WinError 32] The process cannot access the file because it is being used by another process: 'C:\\Users\\Christine\\Documents\\design-workflow\\.git\\index.lock'
[2025-12-08 01:44:52] ⚠️ Could not remove lock: [WinError 32] The process cannot access the file because it is being used by another process: 'C:\\Users\\Christine\\Documents\\design-workflow\\.git\\index.lock'
[2025-12-08 01:44:52] 📂 Detected change: C:\Users\Christine\Documents\design-workflow\.git\objects\1f\tmp_obj_WVweDU
[2025-12-08 01:44:52] 🔄 Starting Git auto-sync...
[2025-12-08 01:44:52] ⚠️ error: cannot pull with rebase: You have unstaged changes.
error: additionally, your index contains uncommitted changes.
error: Please commit or stash them.
[2025-12-08 01:44:53] ⚠️ fatal: Unable to create 'C:/Users/Christine/Documents/design-workflow/.git/index.lock': File exists.

Another git process seems to be running in this repository, e.g.
an editor opened by 'git commit'. Please make sure all processes
are terminated then try again. If it still fails, a git process
may have crashed in this repository earlier:
remove the file manually to continue.
[2025-12-08 01:44:54] ⚠️ Everything up-to-date
[2025-12-08 01:44:54] ✅ Sync complete.

[2025-12-08 01:44:54] 📂 Detected change: C:\Users\Christine\Documents\design-workflow\.git\index.lock
[2025-12-08 01:44:54] 🔄 Starting Git auto-sync...
[2025-12-08 01:44:54] ⚠️ error: cannot pull with rebase: You have unstaged changes.
error: additionally, your index contains uncommitted changes.
error: Please commit or stash them.
[2025-12-08 01:44:54] ⚠️ fatal: Unable to create 'C:/Users/Christine/Documents/design-workflow/.git/index.lock': File exists.

Another git process seems to be running in this repository, e.g.
an editor opened by 'git commit'. Please make sure all processes
are terminated then try again. If it still fails, a git process
may have crashed in this repository earlier:
remove the file manually to continue.
[2025-12-08 01:44:56] ⚠️ Everything up-to-date
[2025-12-08 01:44:56] ✅ Sync complete.

[2025-12-08 01:44:56] 📂 Detected change: C:\Users\Christine\Documents\design-workflow\.git\index
[2025-12-08 01:44:56] 🔄 Starting Git auto-sync...
[2025-12-08 01:44:56] ⚠️ error: cannot pull with rebase: You have unstaged changes.
error: additionally, your index contains uncommitted changes.
error: Please commit or stash them.
[2025-12-08 01:44:56] ⚠️ fatal: Unable to create 'C:/Users/Christine/Documents/design-workflow/.git/index.lock': File exists.

Another git process seems to be running in this repository, e.g.
an editor opened by 'git commit'. Please make sure all processes
are terminated then try again. If it still fails, a git process
may have crashed in this repository earlier:
remove the file manually to continue.
[2025-12-08 01:44:58] ⚠️ Everything up-to-date
[2025-12-08 01:44:58] ✅ Sync complete.

[2025-12-08 01:44:58] 📂 Detected change: C:\Users\Christine\Documents\design-workflow\.git\index.lock
[2025-12-08 01:44:58] 🔄 Starting Git auto-sync...
[2025-12-08 01:44:58] ⚠️ error: cannot pull with rebase: You have unstaged changes.
error: additionally, your index contains uncommitted changes.
error: Please commit or stash them.
[2025-12-08 01:44:58] ⚠️ fatal: Unable to create 'C:/Users/Christine/Documents/design-workflow/.git/index.lock': File exists.

Another git process seems to be running in this repository, e.g.
an editor opened by 'git commit'. Please make sure all processes
are terminated then try again. If it still fails, a git process
may have crashed in this repository earlier:
remove the file manually to continue.
[2025-12-08 01:45:00] ⚠️ Everything up-to-date
[2025-12-08 01:45:00] ✅ Sync complete.

[2025-12-08 01:45:00] 📂 Detected change: C:\Users\Christine\Documents\design-workflow\.git\index.lock
[2025-12-08 01:45:00] 🔄 Starting Git auto-sync...
[2025-12-08 01:45:00] ⚠️ error: cannot pull with rebase: You have unstaged changes.
error: additionally, your index contains uncommitted changes.
error: Please commit or stash them.
[2025-12-08 01:45:00] ⚠️ fatal: Unable to create 'C:/Users/Christine/Documents/design-workflow/.git/index.lock': File exists.

Another git process seems to be running in this repository, e.g.
an editor opened by 'git commit'. Please make sure all processes
are terminated then try again. If it still fails, a git process
may have crashed in this repository earlier:
remove the file manually to continue.
[2025-12-08 01:45:02] ⚠️ Everything up-to-date
[2025-12-08 01:45:02] ✅ Sync complete.

[2025-12-08 01:45:02] 📂 Detected change: C:\Users\Christine\Documents\design-workflow\auto_sync.log
[2025-12-08 01:45:02] 🔄 Starting Git auto-sync...
[2025-12-08 01:45:02] ⚠️ error: cannot pull with rebase: You have unstaged changes.
error: additionally, your index contains uncommitted changes.
error: Please commit or stash them.
